2018-08-09 17:04:03,976 [WARN] from application in ForkJoinPool-1-worker-0 - application.conf @ file:/Users/air/Documents/Time1/Implementacao/servidor/RuUfrpe/target/scala-2.11/classes/application.conf: 8: user is deprecated, use username instead
2018-08-09 17:04:04,198 [INFO] from application in ForkJoinPool-1-worker-0 - Creating Pool for datasource 'default'
2018-08-09 17:04:04,895 [INFO] from play.api.db.HikariCPConnectionPool in ForkJoinPool-1-worker-0 - datasource [default] bound to JNDI as DefaultDS
2018-08-09 17:04:04,948 [INFO] from play.api.db.DefaultDBApi in ForkJoinPool-1-worker-0 - Database [default] connected at jdbc:h2:mem:play
2018-08-09 17:04:11,782 [WARN] from com.avaje.ebeaninternal.server.deploy.BeanDescriptorManager in ForkJoinPool-1-worker-0 - Bean [models.CardapioDia] has no unique id set
2018-08-09 17:04:12,496 [ERROR] from application in netty-event-loop-3 - 

! @78p6f4gi5 - Internal server error, for (GET) [/] ->
 
play.api.db.evolutions.InvalidDatabaseRevision: Database 'default' needs evolution![An SQL script need to be run on your database.]
	at play.api.db.evolutions.ApplicationEvolutions$$anonfun$play$api$db$evolutions$ApplicationEvolutions$$runEvolutions$1.apply$mcV$sp(ApplicationEvolutions.scala:77)
	at play.api.db.evolutions.ApplicationEvolutions.withLock(ApplicationEvolutions.scala:99)
	at play.api.db.evolutions.ApplicationEvolutions.play$api$db$evolutions$ApplicationEvolutions$$runEvolutions(ApplicationEvolutions.scala:49)
	at play.api.db.evolutions.ApplicationEvolutions$$anonfun$start$1.apply(ApplicationEvolutions.scala:42)
	at play.api.db.evolutions.ApplicationEvolutions$$anonfun$start$1.apply(ApplicationEvolutions.scala:42)
	at scala.collection.immutable.List.foreach(List.scala:381)
	at play.api.db.evolutions.ApplicationEvolutions.start(ApplicationEvolutions.scala:42)
	at play.api.db.evolutions.ApplicationEvolutions.<init>(ApplicationEvolutions.scala:150)
	at play.api.db.evolutions.ApplicationEvolutionsProvider.get$lzycompute(EvolutionsModule.scala:53)
	at play.api.db.evolutions.ApplicationEvolutionsProvider.get(EvolutionsModule.scala:53)
	at play.api.db.evolutions.ApplicationEvolutionsProvider.get(EvolutionsModule.scala:44)
	at com.google.inject.internal.ProviderInternalFactory.provision(ProviderInternalFactory.java:81)
	at com.google.inject.internal.BoundProviderFactory.provision(BoundProviderFactory.java:72)
	at com.google.inject.internal.ProviderInternalFactory.circularGet(ProviderInternalFactory.java:61)
	at com.google.inject.internal.BoundProviderFactory.get(BoundProviderFactory.java:62)
	at com.google.inject.internal.ProviderToInternalFactoryAdapter$1.call(ProviderToInternalFactoryAdapter.java:46)
	at com.google.inject.internal.InjectorImpl.callInContext(InjectorImpl.java:1103)
	at com.google.inject.internal.ProviderToInternalFactoryAdapter.get(ProviderToInternalFactoryAdapter.java:40)
	at com.google.inject.internal.SingletonScope$1.get(SingletonScope.java:145)
	at com.google.inject.internal.InternalFactoryToProviderAdapter.get(InternalFactoryToProviderAdapter.java:41)
	at com.google.inject.internal.InternalInjectorCreator$1.call(InternalInjectorCreator.java:205)
	at com.google.inject.internal.InternalInjectorCreator$1.call(InternalInjectorCreator.java:199)
	at com.google.inject.internal.InjectorImpl.callInContext(InjectorImpl.java:1092)
	at com.google.inject.internal.InternalInjectorCreator.loadEagerSingletons(InternalInjectorCreator.java:199)
	at com.google.inject.internal.InternalInjectorCreator.injectDynamically(InternalInjectorCreator.java:180)
	at com.google.inject.internal.InternalInjectorCreator.build(InternalInjectorCreator.java:110)
	at com.google.inject.Guice.createInjector(Guice.java:96)
	at com.google.inject.Guice.createInjector(Guice.java:84)
	at play.api.inject.guice.GuiceBuilder.injector(GuiceInjectorBuilder.scala:181)
	at play.api.inject.guice.GuiceApplicationBuilder.build(GuiceApplicationBuilder.scala:123)
	at play.api.inject.guice.GuiceApplicationLoader.load(GuiceApplicationLoader.scala:21)
	at play.core.server.DevServerStart$$anonfun$mainDev$1$$anon$1$$anonfun$get$1$$anonfun$apply$1$$anonfun$1$$anonfun$2.apply(DevServerStart.scala:168)
	at play.core.server.DevServerStart$$anonfun$mainDev$1$$anon$1$$anonfun$get$1$$anonfun$apply$1$$anonfun$1$$anonfun$2.apply(DevServerStart.scala:164)
	at play.utils.Threads$.withContextClassLoader(Threads.scala:21)
	at play.core.server.DevServerStart$$anonfun$mainDev$1$$anon$1$$anonfun$get$1$$anonfun$apply$1$$anonfun$1.apply(DevServerStart.scala:164)
	at play.core.server.DevServerStart$$anonfun$mainDev$1$$anon$1$$anonfun$get$1$$anonfun$apply$1$$anonfun$1.apply(DevServerStart.scala:131)
	at scala.Option.map(Option.scala:146)
	at play.core.server.DevServerStart$$anonfun$mainDev$1$$anon$1$$anonfun$get$1$$anonfun$apply$1.apply(DevServerStart.scala:131)
	at play.core.server.DevServerStart$$anonfun$mainDev$1$$anon$1$$anonfun$get$1$$anonfun$apply$1.apply(DevServerStart.scala:129)
	at scala.util.Success.flatMap(Try.scala:231)
	at play.core.server.DevServerStart$$anonfun$mainDev$1$$anon$1$$anonfun$get$1.apply(DevServerStart.scala:129)
	at play.core.server.DevServerStart$$anonfun$mainDev$1$$anon$1$$anonfun$get$1.apply(DevServerStart.scala:121)
	at scala.concurrent.impl.Future$PromiseCompletingRunnable.liftedTree1$1(Future.scala:24)
	at scala.concurrent.impl.Future$PromiseCompletingRunnable.run(Future.scala:24)
	at java.util.concurrent.ForkJoinTask$RunnableExecuteAction.exec(ForkJoinTask.java:1402)
	at java.util.concurrent.ForkJoinTask.doExec(ForkJoinTask.java:289)
	at java.util.concurrent.ForkJoinPool$WorkQueue.runTask(ForkJoinPool.java:1056)
	at java.util.concurrent.ForkJoinPool.runWorker(ForkJoinPool.java:1692)
	at java.util.concurrent.ForkJoinWorkerThread.run(ForkJoinWorkerThread.java:157)
2018-08-09 17:04:32,545 [INFO] from application in ForkJoinPool-1-worker-1 - Shutting down connection pool.
2018-08-09 17:04:38,354 [WARN] from application in ForkJoinPool-1-worker-1 - application.conf @ file:/Users/air/Documents/Time1/Implementacao/servidor/RuUfrpe/target/scala-2.11/classes/application.conf: 8: user is deprecated, use username instead
2018-08-09 17:04:38,354 [INFO] from application in ForkJoinPool-1-worker-1 - Creating Pool for datasource 'default'
2018-08-09 17:04:38,359 [INFO] from play.api.db.HikariCPConnectionPool in ForkJoinPool-1-worker-1 - datasource [default] bound to JNDI as DefaultDS
2018-08-09 17:04:38,361 [INFO] from play.api.db.DefaultDBApi in ForkJoinPool-1-worker-1 - Database [default] connected at jdbc:h2:mem:play
2018-08-09 17:04:38,668 [WARN] from com.avaje.ebeaninternal.server.deploy.BeanDescriptorManager in ForkJoinPool-1-worker-1 - Bean [models.CardapioDia] has no unique id set
2018-08-09 17:04:39,729 [INFO] from play.api.Play in ForkJoinPool-1-worker-1 - Application started (Dev)
2018-08-09 17:09:17,329 [INFO] from application in application-akka.actor.default-dispatcher-5 - Shutting down connection pool.
2018-08-09 17:09:24,814 [WARN] from application in application-akka.actor.default-dispatcher-5 - application.conf @ file:/Users/air/Documents/Time1/Implementacao/servidor/RuUfrpe/target/scala-2.11/classes/application.conf: 8: user is deprecated, use username instead
2018-08-09 17:09:24,815 [INFO] from application in application-akka.actor.default-dispatcher-5 - Creating Pool for datasource 'default'
2018-08-09 17:09:24,828 [INFO] from play.api.db.HikariCPConnectionPool in application-akka.actor.default-dispatcher-5 - datasource [default] bound to JNDI as DefaultDS
2018-08-09 17:09:24,837 [INFO] from play.api.db.DefaultDBApi in application-akka.actor.default-dispatcher-5 - Database [default] connected at jdbc:h2:mem:play
2018-08-09 17:09:25,165 [WARN] from com.avaje.ebeaninternal.server.deploy.BeanDescriptorManager in application-akka.actor.default-dispatcher-5 - Bean [models.CardapioDia] has no unique id set
2018-08-09 17:09:26,433 [INFO] from play.api.Play in application-akka.actor.default-dispatcher-5 - Application started (Dev)
2018-08-09 17:09:27,382 [INFO] from application in application-akka.actor.default-dispatcher-6 - NotificationPreference {events=[PAYMENT.*], target='http://ec2-52-15-55-90.us-east-2.compute.amazonaws.com:9000/api/pedido/webhook', media='WEBHOOK', token='bff1aa09414e4d1582474c91933a241a', id='NPR-U04P6GGUJOE8'}
2018-08-09 17:17:07,510 [INFO] from application in application-akka.actor.default-dispatcher-4 - Shutting down connection pool.
2018-08-09 17:17:15,328 [WARN] from application in application-akka.actor.default-dispatcher-4 - application.conf @ file:/Users/air/Documents/Time1/Implementacao/servidor/RuUfrpe/target/scala-2.11/classes/application.conf: 8: user is deprecated, use username instead
2018-08-09 17:17:15,330 [INFO] from application in application-akka.actor.default-dispatcher-4 - Creating Pool for datasource 'default'
2018-08-09 17:17:15,435 [INFO] from play.api.db.HikariCPConnectionPool in application-akka.actor.default-dispatcher-4 - datasource [default] bound to JNDI as DefaultDS
2018-08-09 17:17:15,483 [INFO] from play.api.db.DefaultDBApi in application-akka.actor.default-dispatcher-4 - Database [default] connected at jdbc:h2:mem:play
2018-08-09 17:17:16,676 [WARN] from com.avaje.ebeaninternal.server.deploy.BeanDescriptorManager in application-akka.actor.default-dispatcher-4 - Bean [models.CardapioDia] has no unique id set
2018-08-09 17:17:18,756 [INFO] from play.api.Play in application-akka.actor.default-dispatcher-4 - Application started (Dev)
2018-08-09 17:17:19,780 [INFO] from application in application-akka.actor.default-dispatcher-3 - NotificationPreference {events=[PAYMENT.*], target='http://ec2-52-15-55-90.us-east-2.compute.amazonaws.com:9000/api/pedido/webhook', media='WEBHOOK', token='7b4bcb82c7504d289a4e3fba2f2ea72c', id='NPR-EAS7QP0QDUW8'}
2018-08-09 17:17:42,990 [INFO] from application in application-akka.actor.default-dispatcher-2 - tetet: 56
2018-08-09 17:19:20,486 [INFO] from application in application-akka.actor.default-dispatcher-2 - tetet: 56
2018-08-09 17:19:26,920 [INFO] from application in application-akka.actor.default-dispatcher-2 - tetet: 5600
2018-08-09 17:21:16,828 [INFO] from application in application-akka.actor.default-dispatcher-2 - Shutting down connection pool.
2018-08-09 17:21:23,531 [WARN] from application in application-akka.actor.default-dispatcher-2 - application.conf @ file:/Users/air/Documents/Time1/Implementacao/servidor/RuUfrpe/target/scala-2.11/classes/application.conf: 8: user is deprecated, use username instead
2018-08-09 17:21:23,536 [INFO] from application in application-akka.actor.default-dispatcher-2 - Creating Pool for datasource 'default'
2018-08-09 17:21:23,545 [INFO] from play.api.db.HikariCPConnectionPool in application-akka.actor.default-dispatcher-2 - datasource [default] bound to JNDI as DefaultDS
2018-08-09 17:21:23,644 [INFO] from play.api.db.DefaultDBApi in application-akka.actor.default-dispatcher-2 - Database [default] connected at jdbc:h2:mem:play
2018-08-09 17:21:24,661 [WARN] from com.avaje.ebeaninternal.server.deploy.BeanDescriptorManager in application-akka.actor.default-dispatcher-2 - Bean [models.CardapioDia] has no unique id set
2018-08-09 17:21:26,647 [INFO] from play.api.Play in application-akka.actor.default-dispatcher-2 - Application started (Dev)
2018-08-09 17:21:26,768 [INFO] from application in application-akka.actor.default-dispatcher-5 - tetet: 5600
2018-08-09 17:22:17,967 [INFO] from application in application-akka.actor.default-dispatcher-3 - Shutting down connection pool.
2018-08-09 17:22:25,651 [WARN] from application in application-akka.actor.default-dispatcher-3 - application.conf @ file:/Users/air/Documents/Time1/Implementacao/servidor/RuUfrpe/target/scala-2.11/classes/application.conf: 8: user is deprecated, use username instead
2018-08-09 17:22:25,652 [INFO] from application in application-akka.actor.default-dispatcher-3 - Creating Pool for datasource 'default'
2018-08-09 17:22:25,659 [INFO] from play.api.db.HikariCPConnectionPool in application-akka.actor.default-dispatcher-3 - datasource [default] bound to JNDI as DefaultDS
2018-08-09 17:22:25,666 [INFO] from play.api.db.DefaultDBApi in application-akka.actor.default-dispatcher-3 - Database [default] connected at jdbc:h2:mem:play
2018-08-09 17:22:26,700 [WARN] from com.avaje.ebeaninternal.server.deploy.BeanDescriptorManager in application-akka.actor.default-dispatcher-3 - Bean [models.CardapioDia] has no unique id set
2018-08-09 17:22:28,651 [INFO] from play.api.Play in application-akka.actor.default-dispatcher-3 - Application started (Dev)
2018-08-09 17:22:28,898 [INFO] from application in application-akka.actor.default-dispatcher-3 - tetet: 5600
2018-08-09 17:24:19,081 [INFO] from application in application-akka.actor.default-dispatcher-5 - Shutting down connection pool.
2018-08-09 17:24:25,622 [WARN] from application in application-akka.actor.default-dispatcher-5 - application.conf @ file:/Users/air/Documents/Time1/Implementacao/servidor/RuUfrpe/target/scala-2.11/classes/application.conf: 8: user is deprecated, use username instead
2018-08-09 17:24:25,625 [INFO] from application in application-akka.actor.default-dispatcher-5 - Creating Pool for datasource 'default'
2018-08-09 17:24:25,641 [INFO] from play.api.db.HikariCPConnectionPool in application-akka.actor.default-dispatcher-5 - datasource [default] bound to JNDI as DefaultDS
2018-08-09 17:24:25,659 [INFO] from play.api.db.DefaultDBApi in application-akka.actor.default-dispatcher-5 - Database [default] connected at jdbc:h2:mem:play
2018-08-09 17:24:26,326 [WARN] from com.avaje.ebeaninternal.server.deploy.BeanDescriptorManager in application-akka.actor.default-dispatcher-5 - Bean [models.CardapioDia] has no unique id set
2018-08-09 17:24:27,129 [INFO] from play.api.Play in application-akka.actor.default-dispatcher-5 - Application started (Dev)
2018-08-09 17:24:27,273 [INFO] from application in application-akka.actor.default-dispatcher-2 - tetet: 5600
2018-08-09 17:26:46,782 [INFO] from application in application-akka.actor.default-dispatcher-3 - Shutting down connection pool.
2018-08-09 17:26:55,399 [WARN] from application in application-akka.actor.default-dispatcher-3 - application.conf @ file:/Users/air/Documents/Time1/Implementacao/servidor/RuUfrpe/target/scala-2.11/classes/application.conf: 8: user is deprecated, use username instead
2018-08-09 17:26:55,402 [INFO] from application in application-akka.actor.default-dispatcher-3 - Creating Pool for datasource 'default'
2018-08-09 17:26:55,424 [INFO] from play.api.db.HikariCPConnectionPool in application-akka.actor.default-dispatcher-3 - datasource [default] bound to JNDI as DefaultDS
2018-08-09 17:26:55,439 [INFO] from play.api.db.DefaultDBApi in application-akka.actor.default-dispatcher-3 - Database [default] connected at jdbc:h2:mem:play
2018-08-09 17:26:55,905 [WARN] from com.avaje.ebeaninternal.server.deploy.BeanDescriptorManager in application-akka.actor.default-dispatcher-3 - Bean [models.CardapioDia] has no unique id set
2018-08-09 17:26:57,656 [INFO] from play.api.Play in application-akka.actor.default-dispatcher-3 - Application started (Dev)
2018-08-09 17:26:57,927 [INFO] from application in application-akka.actor.default-dispatcher-4 - tetet: 5600
2018-08-09 17:26:59,017 [INFO] from application in application-akka.actor.default-dispatcher-4 - NotificationPreferenceListResponse [(NotificationPreference {events=[PAYMENT.*], target='http://ec2-52-15-55-90.us-east-2.compute.amazonaws.com:9000/api/pedido/webhook', media='WEBHOOK', token='7b4bcb82c7504d289a4e3fba2f2ea72c', id='NPR-EAS7QP0QDUW8'}),(NotificationPreference {events=[PAYMENT.*], target='http://ec2-52-15-55-90.us-east-2.compute.amazonaws.com:9000/api/pedido/webhook', media='WEBHOOK', token='bff1aa09414e4d1582474c91933a241a', id='NPR-U04P6GGUJOE8'}),(NotificationPreference {events=[PAYMENT.*], target='http://ec2-52-15-55-90.us-east-2.compute.amazonaws.com:9000/api/pedido/webhook', media='WEBHOOK', token='a36fd5743e6643c3bceef74e8ad3317b', id='NPR-2JI9DHIR6F57'})]
2018-08-09 17:28:51,000 [INFO] from application in application-akka.actor.default-dispatcher-3 - Shutting down connection pool.
2018-08-09 17:28:58,148 [WARN] from application in application-akka.actor.default-dispatcher-3 - application.conf @ file:/Users/air/Documents/Time1/Implementacao/servidor/RuUfrpe/target/scala-2.11/classes/application.conf: 8: user is deprecated, use username instead
2018-08-09 17:28:58,148 [INFO] from application in application-akka.actor.default-dispatcher-3 - Creating Pool for datasource 'default'
2018-08-09 17:28:58,156 [INFO] from play.api.db.HikariCPConnectionPool in application-akka.actor.default-dispatcher-3 - datasource [default] bound to JNDI as DefaultDS
2018-08-09 17:28:58,158 [INFO] from play.api.db.DefaultDBApi in application-akka.actor.default-dispatcher-3 - Database [default] connected at jdbc:h2:mem:play
2018-08-09 17:28:58,496 [WARN] from com.avaje.ebeaninternal.server.deploy.BeanDescriptorManager in application-akka.actor.default-dispatcher-3 - Bean [models.CardapioDia] has no unique id set
2018-08-09 17:28:59,390 [INFO] from play.api.Play in application-akka.actor.default-dispatcher-3 - Application started (Dev)
2018-08-09 17:28:59,496 [INFO] from application in application-akka.actor.default-dispatcher-3 - tetet: 5600
2018-08-09 17:29:02,028 [INFO] from application in application-akka.actor.default-dispatcher-3 - NotificationPreferenceListResponse [(NotificationPreference {events=[PAYMENT.*], target='http://ec2-52-15-55-90.us-east-2.compute.amazonaws.com:9000/api/pedido/webhook', media='WEBHOOK', token='a36fd5743e6643c3bceef74e8ad3317b', id='NPR-2JI9DHIR6F57'})]
2018-08-09 17:29:43,046 [INFO] from application in application-akka.actor.default-dispatcher-2 - Shutting down connection pool.
2018-08-09 17:29:49,252 [WARN] from application in application-akka.actor.default-dispatcher-2 - application.conf @ file:/Users/air/Documents/Time1/Implementacao/servidor/RuUfrpe/target/scala-2.11/classes/application.conf: 8: user is deprecated, use username instead
2018-08-09 17:29:49,253 [INFO] from application in application-akka.actor.default-dispatcher-2 - Creating Pool for datasource 'default'
2018-08-09 17:29:49,270 [INFO] from play.api.db.HikariCPConnectionPool in application-akka.actor.default-dispatcher-2 - datasource [default] bound to JNDI as DefaultDS
2018-08-09 17:29:49,274 [INFO] from play.api.db.DefaultDBApi in application-akka.actor.default-dispatcher-2 - Database [default] connected at jdbc:h2:mem:play
2018-08-09 17:29:50,100 [WARN] from com.avaje.ebeaninternal.server.deploy.BeanDescriptorManager in application-akka.actor.default-dispatcher-2 - Bean [models.CardapioDia] has no unique id set
2018-08-09 17:29:51,928 [INFO] from play.api.Play in application-akka.actor.default-dispatcher-2 - Application started (Dev)
2018-08-09 17:29:52,055 [INFO] from application in application-akka.actor.default-dispatcher-4 - tetet: 5600
2018-08-09 17:30:44,053 [INFO] from application in application-akka.actor.default-dispatcher-3 - Shutting down connection pool.
2018-08-09 17:30:50,267 [WARN] from application in application-akka.actor.default-dispatcher-3 - application.conf @ file:/Users/air/Documents/Time1/Implementacao/servidor/RuUfrpe/target/scala-2.11/classes/application.conf: 8: user is deprecated, use username instead
2018-08-09 17:30:50,269 [INFO] from application in application-akka.actor.default-dispatcher-3 - Creating Pool for datasource 'default'
2018-08-09 17:30:50,275 [INFO] from play.api.db.HikariCPConnectionPool in application-akka.actor.default-dispatcher-3 - datasource [default] bound to JNDI as DefaultDS
2018-08-09 17:30:50,276 [INFO] from play.api.db.DefaultDBApi in application-akka.actor.default-dispatcher-3 - Database [default] connected at jdbc:h2:mem:play
2018-08-09 17:30:50,673 [WARN] from com.avaje.ebeaninternal.server.deploy.BeanDescriptorManager in application-akka.actor.default-dispatcher-3 - Bean [models.CardapioDia] has no unique id set
2018-08-09 17:30:51,332 [INFO] from play.api.Play in application-akka.actor.default-dispatcher-3 - Application started (Dev)
2018-08-09 17:30:51,399 [INFO] from application in application-akka.actor.default-dispatcher-5 - tetet: 5600
2018-08-09 17:31:26,936 [INFO] from application in pool-4-thread-2 - Shutting down connection pool.
